  Manager.cpp
c:\users\ricar\desktop\github repos\cal proj\src\Graph.h(529): warning C4003: not enough actual parameters for macro 'max'
c:\users\ricar\desktop\github repos\cal proj\src\Graph.h(560): warning C4003: not enough actual parameters for macro 'max'
c:\users\ricar\desktop\github repos\cal proj\src\Graph.h(613): warning C4003: not enough actual parameters for macro 'max'
src\Manager.cpp(88): warning C4244: 'argument': conversion from 'double' to 'int', possible loss of data
c:\users\ricar\desktop\github repos\cal proj\src\Graph.h(310): warning C4244: 'return': conversion from 'double' to 'int', possible loss of data
  c:\users\ricar\desktop\github repos\cal proj\src\Graph.h(302): note: while compiling class template member function 'int Graph<std::string>::calculateEdgeWeight(const T &,const T &)'
          with
          [
              T=std::string
          ]
  c:\users\ricar\desktop\github repos\cal proj\src\Graph.h(289): note: see reference to function template instantiation 'int Graph<std::string>::calculateEdgeWeight(const T &,const T &)' being compiled
          with
          [
              T=std::string
          ]
  c:\users\ricar\desktop\github repos\cal proj\src\Graph.h(274): note: while compiling class template member function 'bool Graph<std::string>::addVertex(const T &,int,int)'
          with
          [
              T=std::string
          ]
  src\Manager.cpp(39): note: see reference to function template instantiation 'bool Graph<std::string>::addVertex(const T &,int,int)' being compiled
          with
          [
              T=std::string
          ]
  src\Manager.cpp(8): note: see reference to class template instantiation 'Graph<std::string>' being compiled
  TripPlanner.cpp
c:\users\ricar\desktop\github repos\cal proj\src\Graph.h(529): warning C4003: not enough actual parameters for macro 'max'
c:\users\ricar\desktop\github repos\cal proj\src\Graph.h(560): warning C4003: not enough actual parameters for macro 'max'
c:\users\ricar\desktop\github repos\cal proj\src\Graph.h(613): warning C4003: not enough actual parameters for macro 'max'
  Menu.cpp
c:\users\ricar\desktop\github repos\cal proj\src\Graph.h(529): warning C4003: not enough actual parameters for macro 'max'
c:\users\ricar\desktop\github repos\cal proj\src\Graph.h(560): warning C4003: not enough actual parameters for macro 'max'
c:\users\ricar\desktop\github repos\cal proj\src\Graph.h(613): warning C4003: not enough actual parameters for macro 'max'
  Generating Code...
  CAL Proj.vcxproj -> C:\Users\ricar\Desktop\GitHub Repos\CAL Proj\Debug\CAL Proj.exe
